[2022-09-21 13:35:46.255] [info] Loaded model subject01 from file subject01_simbody.osim
[2022-09-21 13:35:46.264] [warning] Couldn't find file 'treadmill.vtp'.
[2022-09-21 13:35:46.264] [warning] Couldn't find file 'sacrum.vtp'.
[2022-09-21 13:35:46.264] [warning] Couldn't find file 'pelvis.vtp'.
[2022-09-21 13:35:46.265] [warning] Couldn't find file 'l_pelvis.vtp'.
[2022-09-21 13:35:46.265] [warning] Couldn't find file 'femur_r.vtp'.
[2022-09-21 13:35:46.266] [warning] Couldn't find file 'tibia_r.vtp'.
[2022-09-21 13:35:46.266] [warning] Couldn't find file 'fibula.vtp'.
[2022-09-21 13:35:46.267] [warning] Couldn't find file 'talus.vtp'.
[2022-09-21 13:35:46.268] [warning] Couldn't find file 'foot.vtp'.
[2022-09-21 13:35:46.268] [warning] Couldn't find file 'bofoot.vtp'.
[2022-09-21 13:35:46.268] [warning] Couldn't find file 'femur_l.vtp'.
[2022-09-21 13:35:46.269] [warning] Couldn't find file 'tibia_l.vtp'.
[2022-09-21 13:35:46.269] [warning] Couldn't find file 'l_fibula.vtp'.
[2022-09-21 13:35:46.271] [warning] Couldn't find file 'l_talus.vtp'.
[2022-09-21 13:35:46.271] [warning] Couldn't find file 'l_foot.vtp'.
[2022-09-21 13:35:46.272] [warning] Couldn't find file 'l_bofoot.vtp'.
[2022-09-21 13:35:46.272] [warning] Couldn't find file 'hat_spine.vtp'.
[2022-09-21 13:35:46.272] [warning] Couldn't find file 'hat_jaw.vtp'.
[2022-09-21 13:35:46.272] [warning] Couldn't find file 'hat_skull.vtp'.
[2022-09-21 13:35:46.273] [warning] Couldn't find file 'hat_ribs.vtp'.
[2022-09-21 16:23:49.483] [info] Loaded model subject01 from file subject01_simbody.osim
[2022-09-21 16:23:49.554] [warning] Couldn't find file 'treadmill.vtp'.
[2022-09-21 16:23:49.555] [warning] Couldn't find file 'sacrum.vtp'.
[2022-09-21 16:23:49.555] [warning] Couldn't find file 'pelvis.vtp'.
[2022-09-21 16:23:49.555] [warning] Couldn't find file 'l_pelvis.vtp'.
[2022-09-21 16:23:49.556] [warning] Couldn't find file 'femur_r.vtp'.
[2022-09-21 16:23:49.556] [warning] Couldn't find file 'tibia_r.vtp'.
[2022-09-21 16:23:49.556] [warning] Couldn't find file 'fibula.vtp'.
[2022-09-21 16:23:49.556] [warning] Couldn't find file 'talus.vtp'.
[2022-09-21 16:23:49.557] [warning] Couldn't find file 'foot.vtp'.
[2022-09-21 16:23:49.557] [warning] Couldn't find file 'bofoot.vtp'.
[2022-09-21 16:23:49.557] [warning] Couldn't find file 'femur_l.vtp'.
[2022-09-21 16:23:49.558] [warning] Couldn't find file 'tibia_l.vtp'.
[2022-09-21 16:23:49.559] [warning] Couldn't find file 'l_fibula.vtp'.
[2022-09-21 16:23:49.560] [warning] Couldn't find file 'l_talus.vtp'.
[2022-09-21 16:23:49.561] [warning] Couldn't find file 'l_foot.vtp'.
[2022-09-21 16:23:49.561] [warning] Couldn't find file 'l_bofoot.vtp'.
[2022-09-21 16:23:49.562] [warning] Couldn't find file 'hat_spine.vtp'.
[2022-09-21 16:23:49.562] [warning] Couldn't find file 'hat_jaw.vtp'.
[2022-09-21 16:23:49.562] [warning] Couldn't find file 'hat_skull.vtp'.
[2022-09-21 16:23:49.562] [warning] Couldn't find file 'hat_ribs.vtp'.
[2022-09-22 00:12:40.675] [info] Loaded model subject01 from file subject01_simbody.osim
[2022-09-22 00:12:40.739] [warning] Couldn't find file 'treadmill.vtp'.
[2022-09-22 00:12:40.739] [warning] Couldn't find file 'sacrum.vtp'.
[2022-09-22 00:12:40.739] [warning] Couldn't find file 'pelvis.vtp'.
[2022-09-22 00:12:40.740] [warning] Couldn't find file 'l_pelvis.vtp'.
[2022-09-22 00:12:40.740] [warning] Couldn't find file 'femur_r.vtp'.
[2022-09-22 00:12:40.740] [warning] Couldn't find file 'tibia_r.vtp'.
[2022-09-22 00:12:40.740] [warning] Couldn't find file 'fibula.vtp'.
[2022-09-22 00:12:40.741] [warning] Couldn't find file 'talus.vtp'.
[2022-09-22 00:12:40.741] [warning] Couldn't find file 'foot.vtp'.
[2022-09-22 00:12:40.741] [warning] Couldn't find file 'bofoot.vtp'.
[2022-09-22 00:12:40.742] [warning] Couldn't find file 'femur_l.vtp'.
[2022-09-22 00:12:40.742] [warning] Couldn't find file 'tibia_l.vtp'.
[2022-09-22 00:12:40.742] [warning] Couldn't find file 'l_fibula.vtp'.
[2022-09-22 00:12:40.743] [warning] Couldn't find file 'l_talus.vtp'.
[2022-09-22 00:12:40.764] [warning] Couldn't find file 'l_foot.vtp'.
[2022-09-22 00:12:40.765] [warning] Couldn't find file 'l_bofoot.vtp'.
[2022-09-22 00:12:40.765] [warning] Couldn't find file 'hat_spine.vtp'.
[2022-09-22 00:12:40.765] [warning] Couldn't find file 'hat_jaw.vtp'.
[2022-09-22 00:12:40.765] [warning] Couldn't find file 'hat_skull.vtp'.
[2022-09-22 00:12:40.765] [warning] Couldn't find file 'hat_ribs.vtp'.
